<?xml version="1.0" encoding="UTF-8"?>
<!-- Generated by org.testng.reporters.JUnitXMLReporter -->
<testsuite ignored="0" hostname="BDC8-LX-HPYB103" failures="11" tests="24" name="Test" time="24.142" errors="0" timestamp="2021-03-16T11:40:22 IST">
  <testcase classname="com.testCases.TC01_Get_All_Employees" name="checkContentType" time="0.017">
    <failure type="java.lang.AssertionError" message="expected [text/html; charset=UTF-8] but found [application/json]">
      <![CDATA[java.lang.AssertionError: expected [text/html; charset=UTF-8] but found [application/json]
at com.testCases.TC01_Get_All_Employees.checkContentType(TC01_Get_All_Employees.java:88)
at java.base/java.util.ArrayList.forEach(ArrayList.java:1511)
... Removed 33 stack frames]]>
    </failure>
  </testcase> <!-- checkContentType -->
  <testcase classname="com.testCases.TC01_Get_All_Employees" name="checkResponseBody" time="0.017"/>
  <testcase classname="com.testCases.TC01_Get_All_Employees" name="checkResponseTime" time="0.002">
    <failure type="java.lang.AssertionError" message="expected [true] but found [false]">
      <![CDATA[java.lang.AssertionError: expected [true] but found [false]
at com.testCases.TC01_Get_All_Employees.checkResponseTime(TC01_Get_All_Employees.java:72)
at java.base/java.util.ArrayList.forEach(ArrayList.java:1511)
... Removed 31 stack frames]]>
    </failure>
  </testcase> <!-- checkResponseTime -->
  <testcase classname="com.testCases.TC01_Get_All_Employees" name="checkServerType" time="0.002">
    <failure type="java.lang.AssertionError" message="expected [nginx/1.14.1] but found [nginx/1.16.0]">
      <![CDATA[java.lang.AssertionError: expected [nginx/1.14.1] but found [nginx/1.16.0]
at com.testCases.TC01_Get_All_Employees.checkServerType(TC01_Get_All_Employees.java:96)
at java.base/java.util.ArrayList.forEach(ArrayList.java:1511)
... Removed 33 stack frames]]>
    </failure>
  </testcase> <!-- checkServerType -->
  <testcase classname="com.testCases.TC01_Get_All_Employees" name="checkStatusCode" time="0.002"/>
  <testcase classname="com.testCases.TC01_Get_All_Employees" name="checkStatusLine" time="0.001"/>
  <testcase classname="com.testCases.TC02_POST_Employee_Record" name="checkContentType" time="0.002">
    <failure type="java.lang.AssertionError" message="expected [text/html; charset=UTF-8] but found [application/json]">
      <![CDATA[java.lang.AssertionError: expected [text/html; charset=UTF-8] but found [application/json]
at com.testCases.TC02_POST_Employee_Record.checkContentType(TC02_POST_Employee_Record.java:95)
at java.base/java.util.ArrayList.forEach(ArrayList.java:1511)
... Removed 33 stack frames]]>
    </failure>
  </testcase> <!-- checkContentType -->
  <testcase classname="com.testCases.TC02_POST_Employee_Record" name="checkResponseTime" time="0.001"/>
  <testcase classname="com.testCases.TC02_POST_Employee_Record" name="checkServerType" time="0.001">
    <failure type="java.lang.AssertionError" message="expected [nginx/1.14.1] but found [nginx/1.16.0]">
      <![CDATA[java.lang.AssertionError: expected [nginx/1.14.1] but found [nginx/1.16.0]
at com.testCases.TC02_POST_Employee_Record.checkServerType(TC02_POST_Employee_Record.java:103)
at java.base/java.util.ArrayList.forEach(ArrayList.java:1511)
... Removed 33 stack frames]]>
    </failure>
  </testcase> <!-- checkServerType -->
  <testcase classname="com.testCases.TC02_POST_Employee_Record" name="checkStatusCode" time="0.0"/>
  <testcase classname="com.testCases.TC02_POST_Employee_Record" name="checkStatusLine" time="0.001"/>
  <testcase classname="com.testCases.TC02_POST_Employee_Record" name="testResponseBody" time="0.213">
    <failure type="java.lang.AssertionError" message="expected [Successfully! Record has been added.] but found [{status=success, data={name=Jabir, salary=500000, age=24, id=9184}, message=Successfully! Record has been added.}]">
      <![CDATA[java.lang.AssertionError: expected [Successfully! Record has been added.] but found [{status=success, data={name=Jabir, salary=500000, age=24, id=9184}, message=Successfully! Record has been added.}]
at com.testCases.TC02_POST_Employee_Record.testResponseBody(TC02_POST_Employee_Record.java:58)
at java.base/java.util.ArrayList.forEach(ArrayList.java:1511)
... Removed 32 stack frames]]>
    </failure>
  </testcase> <!-- testResponseBody -->
  <testcase classname="com.testCases.TC03_DELETE_Request" name="checkContentType" time="0.001">
    <failure type="java.lang.AssertionError" message="expected [text/html; charset=UTF-8] but found [application/json]">
      <![CDATA[java.lang.AssertionError: expected [text/html; charset=UTF-8] but found [application/json]
at com.testCases.TC03_DELETE_Request.checkContentType(TC03_DELETE_Request.java:95)
at java.base/java.util.ArrayList.forEach(ArrayList.java:1511)
... Removed 33 stack frames]]>
    </failure>
  </testcase> <!-- checkContentType -->
  <testcase classname="com.testCases.TC03_DELETE_Request" name="checkResponseBody" time="0.001"/>
  <testcase classname="com.testCases.TC03_DELETE_Request" name="checkResponseTime" time="0.001">
    <failure type="java.lang.AssertionError" message="expected [true] but found [false]">
      <![CDATA[java.lang.AssertionError: expected [true] but found [false]
at com.testCases.TC03_DELETE_Request.checkResponseTime(TC03_DELETE_Request.java:79)
at java.base/java.util.ArrayList.forEach(ArrayList.java:1511)
... Removed 31 stack frames]]>
    </failure>
  </testcase> <!-- checkResponseTime -->
  <testcase classname="com.testCases.TC03_DELETE_Request" name="checkServerType" time="0.001">
    <failure type="java.lang.AssertionError" message="expected [nginx/1.14.1] but found [nginx/1.16.0]">
      <![CDATA[java.lang.AssertionError: expected [nginx/1.14.1] but found [nginx/1.16.0]
at com.testCases.TC03_DELETE_Request.checkServerType(TC03_DELETE_Request.java:103)
at java.base/java.util.ArrayList.forEach(ArrayList.java:1511)
... Removed 33 stack frames]]>
    </failure>
  </testcase> <!-- checkServerType -->
  <testcase classname="com.testCases.TC03_DELETE_Request" name="checkStatusCode" time="0.002"/>
  <testcase classname="com.testCases.TC03_DELETE_Request" name="checkStatusLine" time="0.0"/>
  <testcase classname="com.testCases.TC02_PUT_Employee_Record" name="checkContentType" time="0.001">
    <failure type="java.lang.AssertionError" message="expected [text/html; charset=UTF-8] but found [application/json]">
      <![CDATA[java.lang.AssertionError: expected [text/html; charset=UTF-8] but found [application/json]
at com.testCases.TC02_PUT_Employee_Record.checkContentType(TC02_PUT_Employee_Record.java:92)
at java.base/java.util.ArrayList.forEach(ArrayList.java:1511)
... Removed 33 stack frames]]>
    </failure>
  </testcase> <!-- checkContentType -->
  <testcase classname="com.testCases.TC02_PUT_Employee_Record" name="checkResponseTime" time="0.001"/>
  <testcase classname="com.testCases.TC02_PUT_Employee_Record" name="checkServerType" time="0.001">
    <failure type="java.lang.AssertionError" message="expected [nginx/1.14.1] but found [nginx/1.16.0]">
      <![CDATA[java.lang.AssertionError: expected [nginx/1.14.1] but found [nginx/1.16.0]
at com.testCases.TC02_PUT_Employee_Record.checkServerType(TC02_PUT_Employee_Record.java:100)
at java.base/java.util.ArrayList.forEach(ArrayList.java:1511)
... Removed 33 stack frames]]>
    </failure>
  </testcase> <!-- checkServerType -->
  <testcase classname="com.testCases.TC02_PUT_Employee_Record" name="checkStatusCode" time="0.001"/>
  <testcase classname="com.testCases.TC02_PUT_Employee_Record" name="checkStatusLine" time="0.001"/>
  <testcase classname="com.testCases.TC02_PUT_Employee_Record" name="testResponseBody" time="0.015"/>
</testsuite> <!-- Test -->
