<?xml version="1.0" encoding="UTF-8"?>
<testsuite xmlns:xsi="http://www.w3.org/2001/XMLSchema-instance" xsi:noNamespaceSchemaLocation="https://maven.apache.org/surefire/maven-surefire-plugin/xsd/surefire-test-report-3.0.xsd" version="3.0" name="TestSuite" time="20.473" tests="26" errors="0" skipped="7" failures="12">
  <properties>
[...]
</properties>
  <testcase name="checkContentType" classname="com.testCases.TC01_Get_All_Employees" time="0.016">
    <system-out><![CDATA[http://dummy.restapiexample.com/api/v1
/employee/51838
03-17-2021 15:00:47 TC01_Get_All_Employees.java INFO  [main] RestAPI_Automation_Logs 92 - Content Type is=>text/html; charset=UTF-8
]]></system-out>
  </testcase>
  <testcase name="checkResponseBody" classname="com.testCases.TC01_Get_All_Employees" time="0.028">
    <system-out><![CDATA[03-17-2021 15:00:47 TC01_Get_All_Employees.java INFO  [main] RestAPI_Automation_Logs 51 - -------Checing the Response Body------
03-17-2021 15:00:47 TC01_Get_All_Employees.java INFO  [main] RestAPI_Automation_Logs 53 - Response Body=> <!DOCTYPE html>
<html lang="en">
    <head>
        <meta charset="utf-8">
        <meta name="viewport" content="width=device-width, initial-scale=1">

        <title>Too Many Requests</title>

        <!-- Fonts -->
        <link rel="dns-prefetch" href="//fonts.gstatic.com">
        <link href="https://fonts.googleapis.com/css?family=Nunito" rel="stylesheet">

        <!-- Styles -->
        <style>
            html, body {
                background-color: #fff;
                color: #636b6f;
                font-family: 'Nunito', sans-serif;
                font-weight: 100;
                height: 100vh;
                margin: 0;
            }

            .full-height {
                height: 100vh;
            }

            .flex-center {
                align-items: center;
                display: flex;
                justify-content: center;
            }

            .position-ref {
                position: relative;
            }

            .code {
                border-right: 2px solid;
                font-size: 26px;
                padding: 0 15px 0 15px;
                text-align: center;
            }

            .message {
                font-size: 18px;
                text-align: center;
            }
        </style>
    </head>
    <body>
        <div class="flex-center position-ref full-height">
            <div class="code">
                429            </div>

            <div class="message" style="padding: 10px;">
                Too Many Requests            </div>
        </div>
    </body>
</html>

]]></system-out>
  </testcase>
  <testcase name="checkResponseTime" classname="com.testCases.TC01_Get_All_Employees" time="0.003">
    <failure message="expected [true] but found [false]" type="java.lang.AssertionError"><![CDATA[java.lang.AssertionError: expected [true] but found [false]
	at com.testCases.TC01_Get_All_Employees.checkResponseTime(TC01_Get_All_Employees.java:75)
]]></failure>
    <system-out><![CDATA[03-17-2021 15:00:47 TC01_Get_All_Employees.java INFO  [main] RestAPI_Automation_Logs 71 - Response Time is=>2497
03-17-2021 15:00:47 TC01_Get_All_Employees.java WARN  [main] RestAPI_Automation_Logs 74 - Response time is greater than 2000
]]></system-out>
  </testcase>
  <testcase name="checkServerType" classname="com.testCases.TC01_Get_All_Employees" time="0.001">
    <failure message="expected [nginx/1.14.1] but found [nginx/1.16.0]" type="java.lang.AssertionError"><![CDATA[java.lang.AssertionError: expected [nginx/1.14.1] but found [nginx/1.16.0]
	at com.testCases.TC01_Get_All_Employees.checkServerType(TC01_Get_All_Employees.java:102)
]]></failure>
    <system-out><![CDATA[03-17-2021 15:00:47 TC01_Get_All_Employees.java INFO  [main] RestAPI_Automation_Logs 101 - Content Type is=>nginx/1.16.0
]]></system-out>
  </testcase>
  <testcase name="checkStatusCode" classname="com.testCases.TC01_Get_All_Employees" time="0.002">
    <failure message="expected [200] but found [429]" type="java.lang.AssertionError"><![CDATA[java.lang.AssertionError: expected [200] but found [429]
	at com.testCases.TC01_Get_All_Employees.checkStatusCode(TC01_Get_All_Employees.java:63)
]]></failure>
    <system-out><![CDATA[03-17-2021 15:00:47 TC01_Get_All_Employees.java INFO  [main] RestAPI_Automation_Logs 62 - Status code=>429
]]></system-out>
  </testcase>
  <testcase name="checkStatusLine" classname="com.testCases.TC01_Get_All_Employees" time="0.001">
    <failure message="expected [HTTP/1.1 200 OK] but found [HTTP/1.1 429 Too Many Requests]" type="java.lang.AssertionError"><![CDATA[java.lang.AssertionError: expected [HTTP/1.1 200 OK] but found [HTTP/1.1 429 Too Many Requests]
	at com.testCases.TC01_Get_All_Employees.checkStatusLine(TC01_Get_All_Employees.java:84)
]]></failure>
    <system-out><![CDATA[03-17-2021 15:00:47 TC01_Get_All_Employees.java INFO  [main] RestAPI_Automation_Logs 83 - Status code=>HTTP/1.1 429 Too Many Requests
]]></system-out>
  </testcase>
  <testcase name="checkContentType" classname="com.testCases.TC02_POST_Employee_Record" time="0.002">
    <failure message="expected [text/html; charset=UTF-8] but found [application/json]" type="java.lang.AssertionError"><![CDATA[java.lang.AssertionError: expected [text/html; charset=UTF-8] but found [application/json]
	at com.testCases.TC02_POST_Employee_Record.checkContentType(TC02_POST_Employee_Record.java:95)
]]></failure>
    <system-out><![CDATA[http://dummy.restapiexample.com/api/v1
/create
Jabir
500000.0
24.0
03-17-2021 15:00:52 TC02_POST_Employee_Record.java INFO  [main] RestAPI_Automation_Logs 94 - Content Type is=>application/json
]]></system-out>
  </testcase>
  <testcase name="checkResponseTime" classname="com.testCases.TC02_POST_Employee_Record" time="0.001">
    <system-out><![CDATA[03-17-2021 15:00:52 TC02_POST_Employee_Record.java INFO  [main] RestAPI_Automation_Logs 75 - Response Time is=>1187
]]></system-out>
  </testcase>
  <testcase name="checkServerType" classname="com.testCases.TC02_POST_Employee_Record" time="0">
    <failure message="expected [nginx/1.14.1] but found [nginx/1.16.0]" type="java.lang.AssertionError"><![CDATA[java.lang.AssertionError: expected [nginx/1.14.1] but found [nginx/1.16.0]
	at com.testCases.TC02_POST_Employee_Record.checkServerType(TC02_POST_Employee_Record.java:103)
]]></failure>
    <system-out><![CDATA[03-17-2021 15:00:52 TC02_POST_Employee_Record.java INFO  [main] RestAPI_Automation_Logs 102 - Content Type is=>nginx/1.16.0
]]></system-out>
  </testcase>
  <testcase name="checkStatusCode" classname="com.testCases.TC02_POST_Employee_Record" time="0.001">
    <system-out><![CDATA[03-17-2021 15:00:52 TC02_POST_Employee_Record.java INFO  [main] RestAPI_Automation_Logs 67 - Status code=>200
]]></system-out>
  </testcase>
  <testcase name="checkStatusLine" classname="com.testCases.TC02_POST_Employee_Record" time="0.001">
    <system-out><![CDATA[03-17-2021 15:00:52 TC02_POST_Employee_Record.java INFO  [main] RestAPI_Automation_Logs 86 - Status code=>HTTP/1.1 200 OK
]]></system-out>
  </testcase>
  <testcase name="testResponseBody" classname="com.testCases.TC02_POST_Employee_Record" time="0.14">
    <failure message="class java.util.LinkedHashMap cannot be cast to class java.lang.String (java.util.LinkedHashMap and java.lang.String are in module java.base of loader &apos;bootstrap&apos;)" type="java.lang.ClassCastException"><![CDATA[java.lang.ClassCastException: class java.util.LinkedHashMap cannot be cast to class java.lang.String (java.util.LinkedHashMap and java.lang.String are in module java.base of loader 'bootstrap')
	at com.testCases.TC02_POST_Employee_Record.testResponseBody(TC02_POST_Employee_Record.java:58)
]]></failure>
    <system-out><![CDATA[03-17-2021 15:00:52 TC02_POST_Employee_Record.java INFO  [main] RestAPI_Automation_Logs 54 - -------Checing the Response Body------
03-17-2021 15:00:52 TC02_POST_Employee_Record.java INFO  [main] RestAPI_Automation_Logs 56 - Response Body=> {"status":"success","data":{"name":"Jabir","salary":500000,"age":24,"id":6690},"message":"Successfully! Record has been added."}
]]></system-out>
  </testcase>
  <testcase name="getAllEmployees" classname="com.testCases.TC03_DELETE_Request" time="1.652">
    <failure message="Failed to parse the JSON document" type="io.restassured.path.json.exception.JsonPathException"><![CDATA[io.restassured.path.json.exception.JsonPathException: Failed to parse the JSON document
	at com.testCases.TC03_DELETE_Request.getAllEmployees(TC03_DELETE_Request.java:42)
Caused by: groovy.json.JsonException: Lexing failed on line: 1, column: 1, while reading '<', no possible valid JSON value or punctuation could be recognized.
	at com.testCases.TC03_DELETE_Request.getAllEmployees(TC03_DELETE_Request.java:42)
]]></failure>
    <system-out><![CDATA[03-17-2021 15:00:52 TC02_POST_Employee_Record.java INFO  [main] RestAPI_Automation_Logs 109 - ---------------------------End TC02_create_employee-----------------
http://dummy.restapiexample.com/api/v1
/employee/51838
]]></system-out>
  </testcase>
  <testcase name="checkContentType" classname="com.testCases.TC03_DELETE_Request" time="0">
    <skipped message="Failed to parse the JSON document"/>
  </testcase>
  <testcase name="checkResponseBody" classname="com.testCases.TC03_DELETE_Request" time="0">
    <skipped message="Failed to parse the JSON document"/>
  </testcase>
  <testcase name="checkResponseTime" classname="com.testCases.TC03_DELETE_Request" time="0">
    <skipped message="Failed to parse the JSON document"/>
  </testcase>
  <testcase name="checkServerType" classname="com.testCases.TC03_DELETE_Request" time="0">
    <skipped message="Failed to parse the JSON document"/>
  </testcase>
  <testcase name="checkStatusCode" classname="com.testCases.TC03_DELETE_Request" time="0">
    <skipped message="Failed to parse the JSON document"/>
  </testcase>
  <testcase name="checkStatusLine" classname="com.testCases.TC03_DELETE_Request" time="0">
    <skipped message="Failed to parse the JSON document"/>
  </testcase>
  <testcase name="tearDown" classname="com.testCases.TC03_DELETE_Request" time="0">
    <skipped/>
  </testcase>
  <testcase name="checkContentType" classname="com.testCases.TC02_PUT_Employee_Record" time="0.001">
    <system-out><![CDATA[http://dummy.restapiexample.com/api/v1
/update/51838
Mjsi
40000.0
26.0
03-17-2021 15:00:58 TC02_PUT_Employee_Record.java INFO  [main] RestAPI_Automation_Logs 91 - Content Type is=>text/html; charset=UTF-8
]]></system-out>
  </testcase>
  <testcase name="checkResponseTime" classname="com.testCases.TC02_PUT_Employee_Record" time="0">
    <system-out><![CDATA[03-17-2021 15:00:58 TC02_PUT_Employee_Record.java INFO  [main] RestAPI_Automation_Logs 72 - Response Time is=>1211
]]></system-out>
  </testcase>
  <testcase name="checkServerType" classname="com.testCases.TC02_PUT_Employee_Record" time="0.001">
    <failure message="expected [nginx/1.14.1] but found [nginx/1.16.0]" type="java.lang.AssertionError"><![CDATA[java.lang.AssertionError: expected [nginx/1.14.1] but found [nginx/1.16.0]
	at com.testCases.TC02_PUT_Employee_Record.checkServerType(TC02_PUT_Employee_Record.java:100)
]]></failure>
    <system-out><![CDATA[03-17-2021 15:00:58 TC02_PUT_Employee_Record.java INFO  [main] RestAPI_Automation_Logs 99 - Server Type is=>nginx/1.16.0
]]></system-out>
  </testcase>
  <testcase name="checkStatusCode" classname="com.testCases.TC02_PUT_Employee_Record" time="0.001">
    <failure message="expected [200] but found [429]" type="java.lang.AssertionError"><![CDATA[java.lang.AssertionError: expected [200] but found [429]
	at com.testCases.TC02_PUT_Employee_Record.checkStatusCode(TC02_PUT_Employee_Record.java:65)
]]></failure>
    <system-out><![CDATA[03-17-2021 15:00:58 TC02_PUT_Employee_Record.java INFO  [main] RestAPI_Automation_Logs 64 - Status code=>429
]]></system-out>
  </testcase>
  <testcase name="checkStatusLine" classname="com.testCases.TC02_PUT_Employee_Record" time="0.001">
    <failure message="expected [HTTP/1.1 200 OK] but found [HTTP/1.1 429 Too Many Requests]" type="java.lang.AssertionError"><![CDATA[java.lang.AssertionError: expected [HTTP/1.1 200 OK] but found [HTTP/1.1 429 Too Many Requests]
	at com.testCases.TC02_PUT_Employee_Record.checkStatusLine(TC02_PUT_Employee_Record.java:84)
]]></failure>
    <system-out><![CDATA[03-17-2021 15:00:58 TC02_PUT_Employee_Record.java INFO  [main] RestAPI_Automation_Logs 83 - Status Line=>HTTP/1.1 429 Too Many Requests
]]></system-out>
  </testcase>
  <testcase name="testResponseBody" classname="com.testCases.TC02_PUT_Employee_Record" time="0.005">
    <failure message="Failed to parse the JSON document" type="io.restassured.path.json.exception.JsonPathException"><![CDATA[io.restassured.path.json.exception.JsonPathException: Failed to parse the JSON document
	at com.testCases.TC02_PUT_Employee_Record.testResponseBody(TC02_PUT_Employee_Record.java:55)
Caused by: groovy.json.JsonException: Lexing failed on line: 1, column: 1, while reading '<', no possible valid JSON value or punctuation could be recognized.
	at com.testCases.TC02_PUT_Employee_Record.testResponseBody(TC02_PUT_Employee_Record.java:55)
]]></failure>
    <system-out><![CDATA[03-17-2021 15:00:58 TC02_PUT_Employee_Record.java INFO  [main] RestAPI_Automation_Logs 51 - -------Checing the Response Body------
03-17-2021 15:00:58 TC02_PUT_Employee_Record.java INFO  [main] RestAPI_Automation_Logs 53 - Response Body=> <!DOCTYPE html>
<html lang="en">
    <head>
        <meta charset="utf-8">
        <meta name="viewport" content="width=device-width, initial-scale=1">

        <title>Too Many Requests</title>

        <!-- Fonts -->
        <link rel="dns-prefetch" href="//fonts.gstatic.com">
        <link href="https://fonts.googleapis.com/css?family=Nunito" rel="stylesheet">

        <!-- Styles -->
        <style>
            html, body {
                background-color: #fff;
                color: #636b6f;
                font-family: 'Nunito', sans-serif;
                font-weight: 100;
                height: 100vh;
                margin: 0;
            }

            .full-height {
                height: 100vh;
            }

            .flex-center {
                align-items: center;
                display: flex;
                justify-content: center;
            }

            .position-ref {
                position: relative;
            }

            .code {
                border-right: 2px solid;
                font-size: 26px;
                padding: 0 15px 0 15px;
                text-align: center;
            }

            .message {
                font-size: 18px;
                text-align: center;
            }
        </style>
    </head>
    <body>
        <div class="flex-center position-ref full-height">
            <div class="code">
                429            </div>

            <div class="message" style="padding: 10px;">
                Too Many Requests            </div>
        </div>
    </body>
</html>

]]></system-out>
  </testcase>
</testsuite>